Turbo Assembler	 Version 4.1	    02/23/26 13:14:16	    Page 1
print_~1.asm



      1	0000			     .model tiny
      2	0000			     .code
      3
      4				     org 100h
      5
      6	0100			     Start:
      7					 ; mov ax, 3509h
      8					 ; int 21h
      9
     10					 ; mov old09Ofs, bx
     11					 ; ; mov bx, es
     12					 ; mov old09seg, es
     13	0100  B0 07			 mov al, 07h
     14	0102  04 30			 add al, '0'
     15
     16	0104  8A C8			 mov cl, al
     17	0106  B5 4C			 mov ch, 4ch
     18	0108  80 CD 80			 or ch,	80h
     19
     20	010B  BB B800			 mov bx, 0b800h
     21	010E  8E C3			 mov es, bx
     22
     23	0110  BB 0370			 mov bx, (160 *	5 + 80)
     24	0113  26: 89 0F			 mov es:[bx], cx
     25
     26	0116  B8 4C00			 mov ax, 4c00h
     27	0119  CD 21			 int 21h
     28				     end Start
Turbo Assembler	 Version 4.1	    02/23/26 13:14:16	    Page 2
Symbol Table




Symbol Name			  Type	 Value

??DATE				  Text	 "02/23/26"
??FILENAME			  Text	 "print_~1"
??TIME				  Text	 "13:14:16"
??VERSION			  Number 040A
@32BIT				  Text	 0
@CODE				  Text	 DGROUP
@CODESIZE			  Text	 0
@CPU				  Text	 0101H
@CURSEG				  Text	 _TEXT
@DATA				  Text	 DGROUP
@DATASIZE			  Text	 0
@FILENAME			  Text	 PRINT_~1
@INTERFACE			  Text	 000H
@MODEL				  Text	 1
@STACK				  Text	 DGROUP
@WORDSIZE			  Text	 2
START				  Near	 DGROUP:0100

Groups & Segments		  Bit Size Align  Combine Class

DGROUP				  Group
  _DATA				  16  0000 Word	  Public  DATA
  _TEXT				  16  011B Word	  Public  CODE
